2026-01-02 05:20:57,950 - INFO - ✓ BallDontLie API client initialized (ALL-STAR package)
2026-01-02 05:20:57,950 - INFO - ✓ The Odds API client initialized
2026-01-02 05:20:57,952 - INFO - Perplexity cache database schema initialized
2026-01-02 05:20:57,952 - INFO - PerplexityCache initialized at data/cache/perplexity.db
2026-01-02 05:20:57,952 - INFO - MultiSourceAggregator initialized
2026-01-02 05:20:57,952 - INFO - HistoricalDatabase initialized with data_dir=data/historical
2026-01-02 05:20:57,952 - INFO - OddsPortalScraper initialized
2026-01-02 05:20:57,952 - INFO - CoversOddsHistoryScraper initialized
2026-01-02 05:20:57,952 - INFO - Historical5YearCollector initialized
2026-01-02 05:20:57,952 - INFO - Collecting both NBA and NFL...
2026-01-02 05:20:57,952 - INFO - 
============================================================
2026-01-02 05:20:57,952 - INFO - COLLECTING NBA SEASONS 2020-2025
2026-01-02 05:20:57,952 - INFO - ============================================================

2026-01-02 05:20:57,952 - INFO - 
============================================================
2026-01-02 05:20:57,952 - INFO - COLLECTING NBA 2020 SEASON
2026-01-02 05:20:57,952 - INFO - ============================================================

2026-01-02 05:20:57,952 - INFO - Step 1/4: Fetching games from BallDontLie...
2026-01-02 05:20:59,372 - INFO - ✓ Fetched 3 NBA games from BallDontLie API
2026-01-02 05:21:00,483 - INFO - ✓ Fetched 2 NBA games from BallDontLie API
2026-01-02 05:21:01,045 - INFO - ✓ Fetched 0 NBA games from BallDontLie API
2026-01-02 05:21:01,850 - INFO - ✓ Fetched 0 NBA games from BallDontLie API
2026-01-02 05:21:02,646 - INFO - ✓ Fetched 0 NBA games from BallDontLie API
2026-01-02 05:21:04,465 - INFO - ✓ Fetched 0 NBA games from BallDontLie API
2026-01-02 05:21:05,599 - INFO - ✓ Fetched 0 NBA games from BallDontLie API
2026-01-02 05:21:06,609 - INFO - ✓ Fetched 0 NBA games from BallDontLie API
2026-01-02 05:21:07,370 - INFO - ✓ Fetched 0 NBA games from BallDontLie API
2026-01-02 05:21:07,742 - INFO - ✓ Fetched 0 NBA games from BallDontLie API
2026-01-02 05:21:09,055 - INFO - ✓ Fetched 39 NBA games from BallDontLie API
2026-01-02 05:21:10,088 - INFO - ✓ Fetched 61 NBA games from BallDontLie API
2026-01-02 05:21:11,307 - INFO - ✓ Fetched 60 NBA games from BallDontLie API
2026-01-02 05:21:13,149 - INFO - ✓ Fetched 62 NBA games from BallDontLie API
2026-01-02 05:21:15,203 - INFO - ✓ Fetched 62 NBA games from BallDontLie API
2026-01-02 05:21:16,952 - INFO - ✓ Fetched 64 NBA games from BallDontLie API
2026-01-02 05:21:18,254 - INFO - ✓ Fetched 60 NBA games from BallDontLie API
2026-01-02 05:21:19,718 - INFO - ✓ Fetched 67 NBA games from BallDontLie API
2026-01-02 05:21:21,790 - INFO - ✓ Fetched 63 NBA games from BallDontLie API
2026-01-02 05:21:22,498 - INFO - ✓ Fetched 24 NBA games from BallDontLie API
2026-01-02 05:21:23,847 - INFO - ✓ Fetched 60 NBA games from BallDontLie API
2026-01-02 05:21:25,658 - INFO - ✓ Fetched 58 NBA games from BallDontLie API
2026-01-02 05:21:28,247 - INFO - ✓ Fetched 64 NBA games from BallDontLie API
2026-01-02 05:21:29,859 - INFO - ✓ Fetched 58 NBA games from BallDontLie API
2026-01-02 05:21:32,175 - INFO - ✓ Fetched 63 NBA games from BallDontLie API
2026-01-02 05:21:33,086 - INFO - ✓ Fetched 59 NBA games from BallDontLie API
2026-01-02 05:21:34,174 - INFO - ✓ Fetched 63 NBA games from BallDontLie API
2026-01-02 05:21:35,156 - INFO - ✓ Fetched 59 NBA games from BallDontLie API
2026-01-02 05:21:36,766 - INFO - ✓ Fetched 39 NBA games from BallDontLie API
2026-01-02 05:21:37,785 - INFO - ✓ Fetched 23 NBA games from BallDontLie API
2026-01-02 05:21:39,377 - INFO - ✓ Fetched 21 NBA games from BallDontLie API
2026-01-02 05:21:40,344 - INFO - ✓ Fetched 14 NBA games from BallDontLie API
2026-01-02 05:21:41,165 - INFO - ✓ Fetched 11 NBA games from BallDontLie API
2026-01-02 05:21:41,971 - INFO - ✓ Fetched 8 NBA games from BallDontLie API
2026-01-02 05:21:42,754 - INFO - ✓ Fetched 1 NBA games from BallDontLie API
2026-01-02 05:21:42,754 - INFO - ✓ Fetched 1168 games
2026-01-02 05:21:42,801 - INFO - ✓ Saved 1168 games to data/historical/nba_2020_games.json
2026-01-02 05:21:42,801 - INFO - ✓ Incremental save: games fetched
2026-01-02 05:21:42,801 - INFO - Step 2/4: Fetching player statistics...
