nohup: ignoring input
2026-01-03 01:12:15,897 - ================================================================================
2026-01-03 01:12:15,897 - 🚀 BULK COLLECTION: NBA Seasons [2021, 2022, 2024, 2025]
2026-01-03 01:12:15,897 - ================================================================================
2026-01-03 01:12:15,899 - ✓ BallDontLie API client initialized (ALL-STAR package)
2026-01-03 01:12:15,899 - 📥 Collecting NBA 2021 season (2020-12-22 to 2021-07-20)
2026-01-03 01:12:18,549 - ✓ Fetched 54 NBA games from BallDontLie API
2026-01-03 01:12:18,569 -   2020-12-22: +54 games (total: 54)
2026-01-03 01:12:20,431 - ✓ Fetched 62 NBA games from BallDontLie API
2026-01-03 01:12:20,451 -   2020-12-30: +62 games (total: 116)
2026-01-03 01:12:23,406 - ✓ Fetched 59 NBA games from BallDontLie API
2026-01-03 01:12:23,484 -   2021-01-07: +59 games (total: 175)
2026-01-03 01:12:26,115 - ✓ Fetched 63 NBA games from BallDontLie API
2026-01-03 01:12:26,177 -   2021-01-15: +63 games (total: 238)
2026-01-03 01:12:28,319 - ✓ Fetched 64 NBA games from BallDontLie API
2026-01-03 01:12:28,334 -   2021-01-23: +64 games (total: 302)
2026-01-03 01:12:29,971 - ✓ Fetched 62 NBA games from BallDontLie API
2026-01-03 01:12:29,983 -   2021-01-31: +62 games (total: 364)
2026-01-03 01:12:32,245 - ✓ Fetched 62 NBA games from BallDontLie API
2026-01-03 01:12:32,317 -   2021-02-08: +62 games (total: 426)
2026-01-03 01:12:34,922 - ✓ Fetched 65 NBA games from BallDontLie API
2026-01-03 01:12:34,996 -   2021-02-16: +65 games (total: 491)
2026-01-03 01:12:37,330 - ✓ Fetched 63 NBA games from BallDontLie API
2026-01-03 01:12:37,346 -   2021-02-24: +63 games (total: 554)
2026-01-03 01:12:38,988 - ✓ Fetched 21 NBA games from BallDontLie API
2026-01-03 01:12:38,994 -   2021-03-04: +21 games (total: 575)
2026-01-03 01:12:40,817 - ✓ Fetched 61 NBA games from BallDontLie API
2026-01-03 01:12:40,864 -   2021-03-12: +61 games (total: 636)
2026-01-03 01:12:42,447 - ✓ Fetched 64 NBA games from BallDontLie API
2026-01-03 01:12:42,462 -   2021-03-20: +64 games (total: 700)
2026-01-03 01:12:44,411 - ✓ Fetched 59 NBA games from BallDontLie API
2026-01-03 01:12:44,442 -   2021-03-28: +59 games (total: 759)
2026-01-03 01:12:46,616 - ✓ Fetched 61 NBA games from BallDontLie API
2026-01-03 01:12:46,632 -   2021-04-05: +61 games (total: 820)
2026-01-03 01:12:48,836 - ✓ Fetched 58 NBA games from BallDontLie API
2026-01-03 01:12:48,897 -   2021-04-13: +58 games (total: 878)
2026-01-03 01:12:51,438 - ✓ Fetched 62 NBA games from BallDontLie API
2026-01-03 01:12:51,451 -   2021-04-21: +62 games (total: 940)
2026-01-03 01:13:00,566 - ✓ Fetched 60 NBA games from BallDontLie API
2026-01-03 01:13:00,636 -   2021-04-29: +60 games (total: 1000)
2026-01-03 01:13:06,641 - ✓ Fetched 59 NBA games from BallDontLie API
2026-01-03 01:13:06,654 -   2021-05-07: +59 games (total: 1059)
2026-01-03 01:13:14,240 - ✓ Fetched 31 NBA games from BallDontLie API
2026-01-03 01:13:14,248 -   2021-05-15: +31 games (total: 1090)
2026-01-03 01:13:23,361 - ✓ Fetched 26 NBA games from BallDontLie API
2026-01-03 01:13:23,378 -   2021-05-23: +26 games (total: 1116)
2026-01-03 01:13:28,828 - ✓ Fetched 17 NBA games from BallDontLie API
2026-01-03 01:13:28,832 -   2021-05-31: +17 games (total: 1133)
2026-01-03 01:13:31,441 - ✓ Fetched 13 NBA games from BallDontLie API
2026-01-03 01:13:31,445 -   2021-06-08: +13 games (total: 1146)
2026-01-03 01:13:33,041 - ✓ Fetched 10 NBA games from BallDontLie API
2026-01-03 01:13:33,044 -   2021-06-16: +10 games (total: 1156)
2026-01-03 01:13:35,006 - ✓ Fetched 8 NBA games from BallDontLie API
2026-01-03 01:13:35,008 -   2021-06-24: +8 games (total: 1164)
2026-01-03 01:13:36,611 - ✓ Fetched 3 NBA games from BallDontLie API
2026-01-03 01:13:36,612 -   2021-07-02: +3 games (total: 1167)
2026-01-03 01:13:38,041 - ✓ Fetched 3 NBA games from BallDontLie API
2026-01-03 01:13:38,042 -   2021-07-10: +3 games (total: 1170)
2026-01-03 01:13:40,328 - ✓ Fetched 1 NBA games from BallDontLie API
2026-01-03 01:13:40,329 -   2021-07-18: +1 games (total: 1171)
2026-01-03 01:13:40,329 - 
✅ Collection complete!
2026-01-03 01:13:40,329 -    New games: 1171
2026-01-03 01:13:40,329 -    Duplicates skipped: 0
2026-01-03 01:13:40,331 - ✅ NBA 2021 complete

2026-01-03 01:13:40,332 - ✓ BallDontLie API client initialized (ALL-STAR package)
2026-01-03 01:13:40,332 - 📥 Collecting NBA 2022 season (2021-10-19 to 2022-06-16)
2026-01-03 01:13:42,019 - ✓ Fetched 54 NBA games from BallDontLie API
2026-01-03 01:13:42,082 -   2021-10-19: +54 games (total: 54)
2026-01-03 01:13:44,240 - ✓ Fetched 64 NBA games from BallDontLie API
2026-01-03 01:13:44,258 -   2021-10-27: +64 games (total: 118)
2026-01-03 01:13:46,617 - ✓ Fetched 55 NBA games from BallDontLie API
2026-01-03 01:13:46,628 -   2021-11-04: +55 games (total: 173)
2026-01-03 01:13:47,910 - ✓ Fetched 65 NBA games from BallDontLie API
2026-01-03 01:13:47,994 -   2021-11-12: +65 games (total: 238)
2026-01-03 01:13:49,519 - ✓ Fetched 61 NBA games from BallDontLie API
2026-01-03 01:13:49,582 -   2021-11-20: +61 games (total: 299)
2026-01-03 01:13:51,048 - ✓ Fetched 53 NBA games from BallDontLie API
2026-01-03 01:13:51,059 -   2021-11-28: +53 games (total: 352)
2026-01-03 01:13:54,132 - ✓ Fetched 60 NBA games from BallDontLie API
2026-01-03 01:13:54,145 -   2021-12-06: +60 games (total: 412)
2026-01-03 01:13:55,911 - ✓ Fetched 57 NBA games from BallDontLie API
2026-01-03 01:13:55,973 -   2021-12-14: +57 games (total: 469)
2026-01-03 01:13:57,146 - ✓ Fetched 55 NBA games from BallDontLie API
2026-01-03 01:13:57,157 -   2021-12-22: +55 games (total: 524)
2026-01-03 01:13:58,738 - ✓ Fetched 57 NBA games from BallDontLie API
2026-01-03 01:13:58,802 -   2021-12-30: +57 games (total: 581)
2026-01-03 01:14:00,316 - ✓ Fetched 59 NBA games from BallDontLie API
2026-01-03 01:14:00,330 -   2022-01-07: +59 games (total: 640)
2026-01-03 01:14:02,236 - ✓ Fetched 57 NBA games from BallDontLie API
2026-01-03 01:14:02,307 -   2022-01-15: +57 games (total: 697)
2026-01-03 01:14:04,419 - ✓ Fetched 61 NBA games from BallDontLie API
2026-01-03 01:14:04,432 -   2022-01-23: +61 games (total: 758)
2026-01-03 01:14:05,754 - ✓ Fetched 56 NBA games from BallDontLie API
2026-01-03 01:14:05,817 -   2022-01-31: +56 games (total: 814)
2026-01-03 01:14:07,444 - ✓ Fetched 59 NBA games from BallDontLie API
2026-01-03 01:14:07,457 -   2022-02-08: +59 games (total: 873)
2026-01-03 01:14:08,521 - ✓ Fetched 15 NBA games from BallDontLie API
2026-01-03 01:14:08,525 -   2022-02-16: +15 games (total: 888)
2026-01-03 01:14:09,813 - ✓ Fetched 57 NBA games from BallDontLie API
2026-01-03 01:14:09,887 -   2022-02-24: +57 games (total: 945)
2026-01-03 01:14:11,500 - ✓ Fetched 59 NBA games from BallDontLie API
2026-01-03 01:14:11,513 -   2022-03-04: +59 games (total: 1004)
2026-01-03 01:14:12,925 - ✓ Fetched 57 NBA games from BallDontLie API
2026-01-03 01:14:12,993 -   2022-03-12: +57 games (total: 1061)
2026-01-03 01:14:15,011 - ✓ Fetched 60 NBA games from BallDontLie API
2026-01-03 01:14:15,025 -   2022-03-20: +60 games (total: 1121)
2026-01-03 01:14:17,708 - ✓ Fetched 56 NBA games from BallDontLie API
2026-01-03 01:14:17,770 -   2022-03-28: +56 games (total: 1177)
2026-01-03 01:14:19,023 - ✓ Fetched 55 NBA games from BallDontLie API
2026-01-03 01:14:19,036 -   2022-04-05: +55 games (total: 1232)
2026-01-03 01:14:20,040 - ✓ Fetched 21 NBA games from BallDontLie API
2026-01-03 01:14:20,045 -   2022-04-13: +21 games (total: 1253)
2026-01-03 01:14:20,739 - ✓ Fetched 25 NBA games from BallDontLie API
2026-01-03 01:14:20,803 -   2022-04-21: +25 games (total: 1278)
2026-01-03 01:14:21,911 - ✓ Fetched 11 NBA games from BallDontLie API
2026-01-03 01:14:21,914 -   2022-04-29: +11 games (total: 1289)
2026-01-03 01:14:22,912 - ✓ Fetched 14 NBA games from BallDontLie API
2026-01-03 01:14:22,916 -   2022-05-07: +14 games (total: 1303)
2026-01-03 01:14:23,751 - ✓ Fetched 8 NBA games from BallDontLie API
2026-01-03 01:14:23,753 -   2022-05-15: +8 games (total: 1311)
2026-01-03 01:14:24,748 - ✓ Fetched 6 NBA games from BallDontLie API
2026-01-03 01:14:24,750 -   2022-05-23: +6 games (total: 1317)
2026-01-03 01:14:26,118 - ✓ Fetched 2 NBA games from BallDontLie API
2026-01-03 01:14:26,119 -   2022-05-31: +2 games (total: 1319)
2026-01-03 01:14:26,829 - ✓ Fetched 3 NBA games from BallDontLie API
2026-01-03 01:14:26,830 -   2022-06-08: +3 games (total: 1322)
2026-01-03 01:14:27,828 - ✓ Fetched 1 NBA games from BallDontLie API
2026-01-03 01:14:27,828 -   2022-06-16: +1 games (total: 1323)
2026-01-03 01:14:27,828 - 
✅ Collection complete!
2026-01-03 01:14:27,828 -    New games: 1323
2026-01-03 01:14:27,829 -    Duplicates skipped: 0
2026-01-03 01:14:27,830 - ✅ NBA 2022 complete

2026-01-03 01:14:27,831 - ✓ BallDontLie API client initialized (ALL-STAR package)
2026-01-03 01:14:27,831 - 📥 Collecting NBA 2024 season (2023-10-24 to 2024-06-17)
2026-01-03 01:14:28,736 - ✓ Fetched 54 NBA games from BallDontLie API
2026-01-03 01:14:28,747 -   2023-10-24: +54 games (total: 54)
2026-01-03 01:14:30,031 - ✓ Fetched 63 NBA games from BallDontLie API
2026-01-03 01:14:30,046 -   2023-11-01: +63 games (total: 117)
2026-01-03 01:14:31,513 - ✓ Fetched 50 NBA games from BallDontLie API
2026-01-03 01:14:31,524 -   2023-11-09: +50 games (total: 167)
2026-01-03 01:14:32,447 - ✓ Fetched 63 NBA games from BallDontLie API
2026-01-03 01:14:32,512 -   2023-11-17: +63 games (total: 230)
2026-01-03 01:14:34,005 - ✓ Fetched 61 NBA games from BallDontLie API
2026-01-03 01:14:34,018 -   2023-11-25: +61 games (total: 291)
2026-01-03 01:14:35,426 - ✓ Fetched 31 NBA games from BallDontLie API
2026-01-03 01:14:35,484 -   2023-12-03: +31 games (total: 322)
2026-01-03 01:14:37,036 - ✓ Fetched 68 NBA games from BallDontLie API
2026-01-03 01:14:37,049 -   2023-12-11: +68 games (total: 390)
2026-01-03 01:14:38,537 - ✓ Fetched 55 NBA games from BallDontLie API
2026-01-03 01:14:38,608 -   2023-12-19: +55 games (total: 445)
2026-01-03 01:14:41,421 - ✓ Fetched 62 NBA games from BallDontLie API
2026-01-03 01:14:41,435 -   2023-12-27: +62 games (total: 507)
2026-01-03 01:14:42,848 - ✓ Fetched 55 NBA games from BallDontLie API
2026-01-03 01:14:42,908 -   2024-01-04: +55 games (total: 562)
2026-01-03 01:14:44,346 - ✓ Fetched 58 NBA games from BallDontLie API
2026-01-03 01:14:44,358 -   2024-01-12: +58 games (total: 620)
2026-01-03 01:14:45,646 - ✓ Fetched 60 NBA games from BallDontLie API
2026-01-03 01:14:45,712 -   2024-01-20: +60 games (total: 680)
2026-01-03 01:14:46,861 - ✓ Fetched 61 NBA games from BallDontLie API
2026-01-03 01:14:46,874 -   2024-01-28: +61 games (total: 741)
2026-01-03 01:14:47,974 - ✓ Fetched 58 NBA games from BallDontLie API
2026-01-03 01:14:48,044 -   2024-02-05: +58 games (total: 799)
2026-01-03 01:14:49,033 - ✓ Fetched 22 NBA games from BallDontLie API
2026-01-03 01:14:49,039 -   2024-02-13: +22 games (total: 821)
2026-01-03 01:14:50,507 - ✓ Fetched 57 NBA games from BallDontLie API
2026-01-03 01:14:50,520 -   2024-02-21: +57 games (total: 878)
2026-01-03 01:14:51,254 - ✓ Fetched 60 NBA games from BallDontLie API
2026-01-03 01:14:51,325 -   2024-02-29: +60 games (total: 938)
2026-01-03 01:14:53,146 - ✓ Fetched 58 NBA games from BallDontLie API
2026-01-03 01:14:53,159 -   2024-03-08: +58 games (total: 996)
2026-01-03 01:14:54,338 - ✓ Fetched 60 NBA games from BallDontLie API
2026-01-03 01:14:54,407 -   2024-03-16: +60 games (total: 1056)
2026-01-03 01:14:55,371 - ✓ Fetched 60 NBA games from BallDontLie API
2026-01-03 01:14:55,385 -   2024-03-24: +60 games (total: 1116)
2026-01-03 01:14:56,516 - ✓ Fetched 58 NBA games from BallDontLie API
2026-01-03 01:14:56,577 -   2024-04-01: +58 games (total: 1174)
2026-01-03 01:14:57,400 - ✓ Fetched 59 NBA games from BallDontLie API
2026-01-03 01:14:57,412 -   2024-04-09: +59 games (total: 1233)
2026-01-03 01:14:57,807 - Error fetching from BallDontLie API: 429 Client Error: Too Many Requests for url: https://api.balldontlie.io/v1/games?start_date=2024-04-17&end_date=2024-04-24&per_page=100&seasons%5B%5D=2023
2026-01-03 01:14:57,807 -   2024-04-17: +0 games (total: 1233)
2026-01-03 01:14:58,863 - Error fetching from BallDontLie API: 429 Client Error: Too Many Requests for url: https://api.balldontlie.io/v1/games?start_date=2024-04-25&end_date=2024-05-02&per_page=100&seasons%5B%5D=2023
2026-01-03 01:14:58,863 -   2024-04-25: +0 games (total: 1233)
2026-01-03 01:14:59,826 - Error fetching from BallDontLie API: 429 Client Error: Too Many Requests for url: https://api.balldontlie.io/v1/games?start_date=2024-05-03&end_date=2024-05-10&per_page=100&seasons%5B%5D=2023
2026-01-03 01:14:59,827 -   2024-05-03: +0 games (total: 1233)
2026-01-03 01:15:01,100 - Error fetching from BallDontLie API: 429 Client Error: Too Many Requests for url: https://api.balldontlie.io/v1/games?start_date=2024-05-11&end_date=2024-05-18&per_page=100&seasons%5B%5D=2023
2026-01-03 01:15:01,100 -   2024-05-11: +0 games (total: 1233)
2026-01-03 01:15:01,824 - Error fetching from BallDontLie API: 429 Client Error: Too Many Requests for url: https://api.balldontlie.io/v1/games?start_date=2024-05-19&end_date=2024-05-26&per_page=100&seasons%5B%5D=2023
2026-01-03 01:15:01,824 -   2024-05-19: +0 games (total: 1233)
2026-01-03 01:15:02,879 - Error fetching from BallDontLie API: 429 Client Error: Too Many Requests for url: https://api.balldontlie.io/v1/games?start_date=2024-05-27&end_date=2024-06-03&per_page=100&seasons%5B%5D=2023
2026-01-03 01:15:02,879 -   2024-05-27: +0 games (total: 1233)
2026-01-03 01:15:04,458 - Error fetching from BallDontLie API: 429 Client Error: Too Many Requests for url: https://api.balldontlie.io/v1/games?start_date=2024-06-04&end_date=2024-06-11&per_page=100&seasons%5B%5D=2023
2026-01-03 01:15:04,458 -   2024-06-04: +0 games (total: 1233)
2026-01-03 01:15:04,849 - Error fetching from BallDontLie API: 429 Client Error: Too Many Requests for url: https://api.balldontlie.io/v1/games?start_date=2024-06-12&end_date=2024-06-17&per_page=100&seasons%5B%5D=2023
2026-01-03 01:15:04,850 -   2024-06-12: +0 games (total: 1233)
2026-01-03 01:15:04,850 - 
✅ Collection complete!
2026-01-03 01:15:04,850 -    New games: 1233
2026-01-03 01:15:04,850 -    Duplicates skipped: 0
2026-01-03 01:15:04,851 - ✅ NBA 2024 complete

2026-01-03 01:15:04,853 - ✓ BallDontLie API client initialized (ALL-STAR package)
2026-01-03 01:15:04,853 - 📥 Collecting NBA 2025 season (2024-10-22 to 2025-06-30)
2026-01-03 01:15:05,148 - Error fetching from BallDontLie API: 429 Client Error: Too Many Requests for url: https://api.balldontlie.io/v1/games?start_date=2024-10-22&end_date=2024-10-29&per_page=100&seasons%5B%5D=2024
2026-01-03 01:15:05,148 -   2024-10-22: +0 games (total: 0)
2026-01-03 01:15:06,355 - Error fetching from BallDontLie API: 429 Client Error: Too Many Requests for url: https://api.balldontlie.io/v1/games?start_date=2024-10-30&end_date=2024-11-06&per_page=100&seasons%5B%5D=2024
2026-01-03 01:15:06,355 -   2024-10-30: +0 games (total: 0)
2026-01-03 01:15:07,176 - Error fetching from BallDontLie API: 429 Client Error: Too Many Requests for url: https://api.balldontlie.io/v1/games?start_date=2024-11-07&end_date=2024-11-14&per_page=100&seasons%5B%5D=2024
2026-01-03 01:15:07,176 -   2024-11-07: +0 games (total: 0)
2026-01-03 01:15:08,128 - Error fetching from BallDontLie API: 429 Client Error: Too Many Requests for url: https://api.balldontlie.io/v1/games?start_date=2024-11-15&end_date=2024-11-22&per_page=100&seasons%5B%5D=2024
2026-01-03 01:15:08,129 -   2024-11-15: +0 games (total: 0)
2026-01-03 01:15:09,327 - Error fetching from BallDontLie API: 429 Client Error: Too Many Requests for url: https://api.balldontlie.io/v1/games?start_date=2024-11-23&end_date=2024-11-30&per_page=100&seasons%5B%5D=2024
2026-01-03 01:15:09,327 -   2024-11-23: +0 games (total: 0)
2026-01-03 01:15:10,384 - Error fetching from BallDontLie API: 429 Client Error: Too Many Requests for url: https://api.balldontlie.io/v1/games?start_date=2024-12-01&end_date=2024-12-08&per_page=100&seasons%5B%5D=2024
2026-01-03 01:15:10,384 -   2024-12-01: +0 games (total: 0)
2026-01-03 01:15:11,124 - Error fetching from BallDontLie API: 429 Client Error: Too Many Requests for url: https://api.balldontlie.io/v1/games?start_date=2024-12-09&end_date=2024-12-16&per_page=100&seasons%5B%5D=2024
2026-01-03 01:15:11,125 -   2024-12-09: +0 games (total: 0)
2026-01-03 01:15:12,097 - Error fetching from BallDontLie API: 429 Client Error: Too Many Requests for url: https://api.balldontlie.io/v1/games?start_date=2024-12-17&end_date=2024-12-24&per_page=100&seasons%5B%5D=2024
2026-01-03 01:15:12,097 -   2024-12-17: +0 games (total: 0)
2026-01-03 01:15:13,396 - Error fetching from BallDontLie API: 429 Client Error: Too Many Requests for url: https://api.balldontlie.io/v1/games?start_date=2024-12-25&end_date=2025-01-01&per_page=100&seasons%5B%5D=2024
2026-01-03 01:15:13,396 -   2024-12-25: +0 games (total: 0)
2026-01-03 01:15:14,444 - Error fetching from BallDontLie API: 429 Client Error: Too Many Requests for url: https://api.balldontlie.io/v1/games?start_date=2025-01-02&end_date=2025-01-09&per_page=100&seasons%5B%5D=2024
2026-01-03 01:15:14,444 -   2025-01-02: +0 games (total: 0)
2026-01-03 01:15:15,180 - Error fetching from BallDontLie API: 429 Client Error: Too Many Requests for url: https://api.balldontlie.io/v1/games?start_date=2025-01-10&end_date=2025-01-17&per_page=100&seasons%5B%5D=2024
2026-01-03 01:15:15,180 -   2025-01-10: +0 games (total: 0)
2026-01-03 01:15:16,232 - Error fetching from BallDontLie API: 429 Client Error: Too Many Requests for url: https://api.balldontlie.io/v1/games?start_date=2025-01-18&end_date=2025-01-25&per_page=100&seasons%5B%5D=2024
2026-01-03 01:15:16,232 -   2025-01-18: +0 games (total: 0)
2026-01-03 01:15:17,157 - Error fetching from BallDontLie API: 429 Client Error: Too Many Requests for url: https://api.balldontlie.io/v1/games?start_date=2025-01-26&end_date=2025-02-02&per_page=100&seasons%5B%5D=2024
2026-01-03 01:15:17,157 -   2025-01-26: +0 games (total: 0)
2026-01-03 01:15:18,117 - Error fetching from BallDontLie API: 429 Client Error: Too Many Requests for url: https://api.balldontlie.io/v1/games?start_date=2025-02-03&end_date=2025-02-10&per_page=100&seasons%5B%5D=2024
2026-01-03 01:15:18,117 -   2025-02-03: +0 games (total: 0)
2026-01-03 01:15:20,238 - ✓ Fetched 24 NBA games from BallDontLie API
2026-01-03 01:15:20,244 -   2025-02-11: +24 games (total: 24)
2026-01-03 01:15:21,219 - ✓ Fetched 58 NBA games from BallDontLie API
2026-01-03 01:15:21,286 -   2025-02-19: +58 games (total: 82)
2026-01-03 01:15:22,822 - ✓ Fetched 60 NBA games from BallDontLie API
2026-01-03 01:15:22,835 -   2025-02-27: +60 games (total: 142)
2026-01-03 01:15:24,099 - ✓ Fetched 64 NBA games from BallDontLie API
2026-01-03 01:15:24,167 -   2025-03-07: +64 games (total: 206)
2026-01-03 01:15:25,550 - ✓ Fetched 61 NBA games from BallDontLie API
2026-01-03 01:15:25,564 -   2025-03-15: +61 games (total: 267)
2026-01-03 01:15:26,471 - ✓ Fetched 60 NBA games from BallDontLie API
2026-01-03 01:15:26,544 -   2025-03-23: +60 games (total: 327)
2026-01-03 01:15:27,712 - ✓ Fetched 58 NBA games from BallDontLie API
2026-01-03 01:15:27,724 -   2025-03-31: +58 games (total: 385)
2026-01-03 01:15:28,543 - ✓ Fetched 57 NBA games from BallDontLie API
2026-01-03 01:15:28,611 -   2025-04-08: +57 games (total: 442)
2026-01-03 01:15:31,411 - ✓ Fetched 20 NBA games from BallDontLie API
2026-01-03 01:15:31,415 -   2025-04-16: +20 games (total: 462)
2026-01-03 01:15:32,320 - ✓ Fetched 24 NBA games from BallDontLie API
2026-01-03 01:15:32,325 -   2025-04-24: +24 games (total: 486)
2026-01-03 01:15:33,477 - ✓ Fetched 13 NBA games from BallDontLie API
2026-01-03 01:15:33,480 -   2025-05-02: +13 games (total: 499)
2026-01-03 01:15:34,612 - ✓ Fetched 12 NBA games from BallDontLie API
2026-01-03 01:15:34,615 -   2025-05-10: +12 games (total: 511)
2026-01-03 01:15:35,477 - ✓ Fetched 7 NBA games from BallDontLie API
2026-01-03 01:15:35,479 -   2025-05-18: +7 games (total: 518)
2026-01-03 01:15:36,618 - ✓ Fetched 5 NBA games from BallDontLie API
2026-01-03 01:15:36,620 -   2025-05-26: +5 games (total: 523)
2026-01-03 01:15:37,153 - ✓ Fetched 2 NBA games from BallDontLie API
2026-01-03 01:15:37,154 -   2025-06-03: +2 games (total: 525)
2026-01-03 01:15:38,710 - ✓ Fetched 3 NBA games from BallDontLie API
2026-01-03 01:15:38,712 -   2025-06-11: +3 games (total: 528)
2026-01-03 01:15:39,360 - ✓ Fetched 2 NBA games from BallDontLie API
2026-01-03 01:15:39,360 -   2025-06-19: +2 games (total: 530)
2026-01-03 01:15:40,377 - ✓ Fetched 0 NBA games from BallDontLie API
2026-01-03 01:15:40,377 -   2025-06-27: +0 games (total: 530)
2026-01-03 01:15:40,377 - 
✅ Collection complete!
2026-01-03 01:15:40,377 -    New games: 530
2026-01-03 01:15:40,377 -    Duplicates skipped: 0
2026-01-03 01:15:40,379 - ✅ NBA 2025 complete

2026-01-03 01:15:40,379 - ================================================================================
2026-01-03 01:15:40,379 - 🎉 BULK COLLECTION COMPLETE
2026-01-03 01:15:40,379 - ================================================================================
