nohup: ignoring input
2026-01-02 06:11:34,869 - ✓ BallDontLie API client initialized (ALL-STAR package)
2026-01-02 06:11:34,871 - 🔄 Enriching 1038 NBA games with player statistics...
2026-01-02 06:11:45,719 -   Progress: 10/1038 games enriched
2026-01-02 06:11:56,086 -   Progress: 20/1038 games enriched
2026-01-02 06:12:07,103 -   Progress: 30/1038 games enriched
2026-01-02 06:12:17,379 -   Progress: 40/1038 games enriched
2026-01-02 06:12:27,685 -   Progress: 50/1038 games enriched
2026-01-02 06:12:37,880 -   Progress: 60/1038 games enriched
2026-01-02 06:12:48,205 -   Progress: 70/1038 games enriched
2026-01-02 06:12:59,463 -   Progress: 80/1038 games enriched
2026-01-02 06:13:09,704 -   Progress: 90/1038 games enriched
2026-01-02 06:13:20,180 -   Progress: 100/1038 games enriched
2026-01-02 06:13:30,411 -   Progress: 110/1038 games enriched
2026-01-02 06:13:40,941 -   Progress: 120/1038 games enriched
2026-01-02 06:13:50,943 -   Progress: 130/1038 games enriched
2026-01-02 06:14:01,373 -   Progress: 140/1038 games enriched
2026-01-02 06:14:12,484 -   Progress: 150/1038 games enriched
2026-01-02 06:14:23,092 -   Progress: 160/1038 games enriched
2026-01-02 06:14:34,055 -   Progress: 170/1038 games enriched
2026-01-02 06:14:44,175 -   Progress: 180/1038 games enriched
2026-01-02 06:14:54,276 -   Progress: 190/1038 games enriched
2026-01-02 06:15:04,649 -   Progress: 200/1038 games enriched
2026-01-02 06:15:14,960 -   Progress: 210/1038 games enriched
2026-01-02 06:15:25,563 -   Progress: 220/1038 games enriched
2026-01-02 06:15:35,777 -   Progress: 230/1038 games enriched
2026-01-02 06:15:46,531 -   Progress: 240/1038 games enriched
2026-01-02 06:15:57,620 -   Progress: 250/1038 games enriched
2026-01-02 06:16:08,747 -   Progress: 260/1038 games enriched
2026-01-02 06:16:20,875 -   Progress: 270/1038 games enriched
2026-01-02 06:16:31,025 -   Progress: 280/1038 games enriched
2026-01-02 06:16:42,249 -   Progress: 290/1038 games enriched
2026-01-02 06:16:52,684 -   Progress: 300/1038 games enriched
2026-01-02 06:17:03,453 -   Progress: 310/1038 games enriched
2026-01-02 06:17:13,925 -   Progress: 320/1038 games enriched
2026-01-02 06:17:24,023 -   Progress: 330/1038 games enriched
2026-01-02 06:17:34,016 -   Progress: 340/1038 games enriched
2026-01-02 06:17:44,218 -   Progress: 350/1038 games enriched
2026-01-02 06:17:54,672 -   Progress: 360/1038 games enriched
2026-01-02 06:18:05,066 -   Progress: 370/1038 games enriched
2026-01-02 06:18:15,527 -   Progress: 380/1038 games enriched
2026-01-02 06:18:26,252 -   Progress: 390/1038 games enriched
2026-01-02 06:18:36,226 -   Progress: 400/1038 games enriched
2026-01-02 06:18:49,180 -   Progress: 410/1038 games enriched
2026-01-02 06:18:59,458 -   Progress: 420/1038 games enriched
2026-01-02 06:19:10,439 -   Progress: 430/1038 games enriched
2026-01-02 06:19:20,653 -   Progress: 440/1038 games enriched
2026-01-02 06:19:31,211 -   Progress: 450/1038 games enriched
2026-01-02 06:19:41,521 -   Progress: 460/1038 games enriched
2026-01-02 06:19:51,688 -   Progress: 470/1038 games enriched
2026-01-02 06:20:02,467 -   Progress: 480/1038 games enriched
2026-01-02 06:20:12,471 -   Progress: 490/1038 games enriched
2026-01-02 06:20:23,234 -   Progress: 500/1038 games enriched
2026-01-02 06:20:33,172 -   Progress: 510/1038 games enriched
2026-01-02 06:20:43,884 -   Progress: 520/1038 games enriched
2026-01-02 06:20:54,763 -   Progress: 530/1038 games enriched
2026-01-02 06:21:05,258 -   Progress: 540/1038 games enriched
2026-01-02 06:21:16,165 -   Progress: 550/1038 games enriched
2026-01-02 06:21:26,634 -   Progress: 560/1038 games enriched
2026-01-02 06:21:37,072 -   Progress: 570/1038 games enriched
2026-01-02 06:21:47,254 -   Progress: 580/1038 games enriched
2026-01-02 06:21:57,361 -   Progress: 590/1038 games enriched
2026-01-02 06:22:08,010 -   Progress: 600/1038 games enriched
2026-01-02 06:22:18,662 -   Progress: 610/1038 games enriched
2026-01-02 06:22:28,750 -   Progress: 620/1038 games enriched
2026-01-02 06:22:39,052 -   Progress: 630/1038 games enriched
2026-01-02 06:22:49,351 -   Progress: 640/1038 games enriched
2026-01-02 06:22:59,237 -   Progress: 650/1038 games enriched
2026-01-02 06:23:10,002 -   Progress: 660/1038 games enriched
2026-01-02 06:23:21,131 -   Progress: 670/1038 games enriched
2026-01-02 06:23:32,149 -   Progress: 680/1038 games enriched
2026-01-02 06:23:43,653 -   Progress: 690/1038 games enriched
2026-01-02 06:23:53,984 -   Progress: 700/1038 games enriched
2026-01-02 06:24:05,547 -   Progress: 710/1038 games enriched
2026-01-02 06:24:17,186 -   Progress: 720/1038 games enriched
2026-01-02 06:24:29,772 -   Progress: 730/1038 games enriched
2026-01-02 06:24:40,822 -   Progress: 740/1038 games enriched
2026-01-02 06:24:51,125 -   Progress: 750/1038 games enriched
2026-01-02 06:25:03,947 -   Progress: 760/1038 games enriched
2026-01-02 06:25:14,463 -   Progress: 770/1038 games enriched
2026-01-02 06:25:25,500 -   Progress: 780/1038 games enriched
2026-01-02 06:25:35,657 -   Progress: 790/1038 games enriched
2026-01-02 06:25:48,405 -   Progress: 800/1038 games enriched
2026-01-02 06:25:59,708 -   Progress: 810/1038 games enriched
2026-01-02 06:26:11,269 -   Progress: 820/1038 games enriched
2026-01-02 06:26:22,845 -   Progress: 830/1038 games enriched
2026-01-02 06:26:33,530 -   Progress: 840/1038 games enriched
2026-01-02 06:26:46,657 -   Progress: 850/1038 games enriched
2026-01-02 06:26:57,442 -   Progress: 860/1038 games enriched
2026-01-02 06:27:09,860 -   Progress: 870/1038 games enriched
2026-01-02 06:27:20,576 -   Progress: 880/1038 games enriched
2026-01-02 06:27:31,463 -   Progress: 890/1038 games enriched
2026-01-02 06:27:42,650 -   Progress: 900/1038 games enriched
2026-01-02 06:27:53,742 -   Progress: 910/1038 games enriched
2026-01-02 06:28:04,727 -   Progress: 920/1038 games enriched
2026-01-02 06:28:17,219 -   Progress: 930/1038 games enriched
2026-01-02 06:28:27,721 -   Progress: 940/1038 games enriched
2026-01-02 06:28:38,176 -   Progress: 950/1038 games enriched
2026-01-02 06:28:50,269 -   Progress: 960/1038 games enriched
2026-01-02 06:29:01,063 -   Progress: 970/1038 games enriched
2026-01-02 06:29:13,557 -   Progress: 980/1038 games enriched
2026-01-02 06:29:23,734 -   Progress: 990/1038 games enriched
2026-01-02 06:29:35,690 -   Progress: 1000/1038 games enriched
2026-01-02 06:29:45,739 -   Progress: 1010/1038 games enriched
2026-01-02 06:29:56,040 -   Progress: 1020/1038 games enriched
2026-01-02 06:30:06,314 -   Progress: 1030/1038 games enriched
2026-01-02 06:30:14,183 - 
✅ Player stats enrichment complete!
2026-01-02 06:30:14,183 -    Enriched: 1038
2026-01-02 06:30:14,184 -    Errors: 0
